<?xml version="1.0" encoding="UTF-8"?>
<testng-results ignored="0" total="1" passed="1" failed="0" skipped="0">
  <reporter-output>
  </reporter-output>
  <suite started-at="2022-10-20T22:43:22 EDT" name="Default suite" finished-at="2022-10-20T22:43:32 EDT" duration-ms="10077">
    <groups>
      <group name="cucumber">
        <method signature="AbstractTestNGCucumberTests.feature(cucumber.api.testng.CucumberFeatureWrapper)[pri:0, instance:TestRunner.TestRunner_class@34f7cfd9]" name="feature" class="cucumber.api.testng.AbstractTestNGCucumberTests"/>
      </group> <!-- cucumber -->
    </groups>
    <test started-at="2022-10-20T22:43:22 EDT" name="Default test" finished-at="2022-10-20T22:43:32 EDT" duration-ms="10077">
      <class name="TestRunner.TestRunner_class">
        <test-method is-config="true" signature="setUpClass()[pri:0, instance:TestRunner.TestRunner_class@34f7cfd9]" started-at="2022-10-20T22:43:22 EDT" name="setUpClass" finished-at="2022-10-20T22:43:23 EDT" duration-ms="252" status="PASS">
          <reporter-output>
          </reporter-output>
        </test-method> <!-- setUpClass -->
        <test-method signature="feature(cucumber.api.testng.CucumberFeatureWrapper)[pri:0, instance:TestRunner.TestRunner_class@34f7cfd9]" started-at="2022-10-20T22:43:23 EDT" name="feature" description="Runs Cucumber Feature" data-provider="features" finished-at="2022-10-20T22:43:32 EDT" duration-ms="9676" status="PASS">
          <params>
            <param index="0">
              <value>
                <![CDATA[This is customer service  feature]]>
              </value>
            </param>
          </params>
          <reporter-output>
          </reporter-output>
        </test-method> <!-- feature -->
        <test-method is-config="true" signature="tearDownClass()[pri:0, instance:TestRunner.TestRunner_class@34f7cfd9]" started-at="2022-10-20T22:43:32 EDT" name="tearDownClass" finished-at="2022-10-20T22:43:32 EDT" duration-ms="21" status="PASS">
          <reporter-output>
          </reporter-output>
        </test-method> <!-- tearDownClass -->
      </class> <!-- TestRunner.TestRunner_class -->
    </test> <!-- Default test -->
  </suite> <!-- Default suite -->
</testng-results>
